2026-06-19 15:49:44,883 [INFO] 🧹 DB limpo
2026-06-19 15:49:44,973 [INFO] ✅ 6 Solana signals inseridos
2026-06-19 15:49:52,838 [WARNING] Telegram not configured (set TELEGRAM_BOT_TOKEN and TELEGRAM_CHAT_ID)
2026-06-19 15:49:52,838 [WARNING] Discord not configured (set DISCORD_WEBHOOK_URL)
2026-06-19 15:49:56,378 [INFO] HTTP Request: POST https://api.mainnet-beta.solana.com "HTTP/1.1 200 OK"
2026-06-19 15:49:56,512 [INFO] HTTP Request: POST https://api.mainnet-beta.solana.com "HTTP/1.1 200 OK"
2026-06-19 15:49:57,648 [INFO] HTTP Request: POST https://api.mainnet-beta.solana.com "HTTP/1.1 200 OK"
2026-06-19 15:49:58,822 [INFO] HTTP Request: POST https://api.mainnet-beta.solana.com "HTTP/1.1 200 OK"
2026-06-19 15:49:58,955 [INFO] HTTP Request: POST https://api.mainnet-beta.solana.com "HTTP/1.1 200 OK"
2026-06-19 15:49:59,100 [INFO] HTTP Request: POST https://api.mainnet-beta.solana.com "HTTP/1.1 200 OK"
2026-06-19 15:50:00,232 [INFO] HTTP Request: POST https://api.mainnet-beta.solana.com "HTTP/1.1 200 OK"
2026-06-19 15:50:01,376 [INFO] HTTP Request: POST https://api.mainnet-beta.solana.com "HTTP/1.1 200 OK"
2026-06-19 15:50:01,506 [INFO] HTTP Request: POST https://api.mainnet-beta.solana.com "HTTP/1.1 200 OK"
2026-06-19 15:50:01,637 [INFO] HTTP Request: POST https://api.mainnet-beta.solana.com "HTTP/1.1 200 OK"
2026-06-19 15:50:02,776 [INFO] HTTP Request: POST https://api.mainnet-beta.solana.com "HTTP/1.1 200 OK"
2026-06-19 15:50:04,106 [INFO] HTTP Request: POST https://api.mainnet-beta.solana.com "HTTP/1.1 200 OK"
2026-06-19 15:50:04,511 [INFO] HTTP Request: POST https://api.mainnet-beta.solana.com "HTTP/1.1 200 OK"
2026-06-19 15:50:04,914 [INFO] HTTP Request: POST https://api.mainnet-beta.solana.com "HTTP/1.1 200 OK"
2026-06-19 15:50:06,082 [INFO] HTTP Request: POST https://api.mainnet-beta.solana.com "HTTP/1.1 200 OK"
2026-06-19 15:50:07,148 [INFO] HTTP Request: POST https://api.mainnet-beta.solana.com "HTTP/1.1 200 OK"
2026-06-19 15:50:07,391 [INFO] HTTP Request: POST https://api.mainnet-beta.solana.com "HTTP/1.1 200 OK"
2026-06-19 15:50:07,524 [INFO] HTTP Request: POST https://api.mainnet-beta.solana.com "HTTP/1.1 200 OK"
2026-06-19 15:50:08,765 [INFO] HTTP Request: POST https://api.mainnet-beta.solana.com "HTTP/1.1 200 OK"
2026-06-19 15:50:09,931 [INFO] HTTP Request: POST https://api.mainnet-beta.solana.com "HTTP/1.1 200 OK"
2026-06-19 15:50:10,079 [INFO] HTTP Request: POST https://api.mainnet-beta.solana.com "HTTP/1.1 200 OK"
2026-06-19 15:50:10,214 [INFO] HTTP Request: POST https://api.mainnet-beta.solana.com "HTTP/1.1 200 OK"
2026-06-19 15:50:11,394 [INFO] HTTP Request: POST https://api.mainnet-beta.solana.com "HTTP/1.1 200 OK"
2026-06-19 15:50:13,367 [INFO] HTTP Request: POST https://api.mainnet-beta.solana.com "HTTP/1.1 200 OK"
2026-06-19 15:50:13,526 [INFO] HTTP Request: POST https://api.mainnet-beta.solana.com "HTTP/1.1 200 OK"
2026-06-19 15:50:14,661 [INFO] HTTP Request: POST https://api.mainnet-beta.solana.com "HTTP/1.1 200 OK"
2026-06-19 15:50:16,044 [INFO] HTTP Request: POST https://api.mainnet-beta.solana.com "HTTP/1.1 200 OK"
2026-06-19 15:50:16,245 [INFO] HTTP Request: POST https://api.mainnet-beta.solana.com "HTTP/1.1 200 OK"
2026-06-19 15:50:16,456 [INFO] HTTP Request: POST https://api.mainnet-beta.solana.com "HTTP/1.1 200 OK"
2026-06-19 15:50:17,668 [INFO] HTTP Request: POST https://api.mainnet-beta.solana.com "HTTP/1.1 200 OK"
2026-06-19 15:50:18,822 [INFO] HTTP Request: POST https://api.mainnet-beta.solana.com "HTTP/1.1 200 OK"
2026-06-19 15:50:18,964 [INFO] HTTP Request: POST https://api.mainnet-beta.solana.com "HTTP/1.1 200 OK"
2026-06-19 15:50:19,098 [INFO] HTTP Request: POST https://api.mainnet-beta.solana.com "HTTP/1.1 200 OK"
2026-06-19 15:50:20,249 [INFO] HTTP Request: POST https://api.mainnet-beta.solana.com "HTTP/1.1 200 OK"
2026-06-19 15:50:21,367 [INFO] HTTP Request: POST https://api.mainnet-beta.solana.com "HTTP/1.1 200 OK"
2026-06-19 15:50:21,500 [INFO] HTTP Request: POST https://api.mainnet-beta.solana.com "HTTP/1.1 200 OK"
2026-06-19 15:50:21,633 [INFO] HTTP Request: POST https://api.mainnet-beta.solana.com "HTTP/1.1 200 OK"
2026-06-19 15:50:22,794 [INFO] HTTP Request: POST https://api.mainnet-beta.solana.com "HTTP/1.1 200 OK"
2026-06-19 15:50:23,903 [INFO] HTTP Request: POST https://api.mainnet-beta.solana.com "HTTP/1.1 200 OK"
2026-06-19 15:50:24,042 [INFO] HTTP Request: POST https://api.mainnet-beta.solana.com "HTTP/1.1 200 OK"
2026-06-19 15:50:24,217 [INFO] HTTP Request: POST https://api.mainnet-beta.solana.com "HTTP/1.1 200 OK"
2026-06-19 15:50:25,516 [INFO] HTTP Request: POST https://api.mainnet-beta.solana.com "HTTP/1.1 200 OK"
2026-06-19 15:50:26,731 [INFO] HTTP Request: POST https://api.mainnet-beta.solana.com "HTTP/1.1 200 OK"
2026-06-19 15:50:27,876 [INFO] HTTP Request: POST https://api.mainnet-beta.solana.com "HTTP/1.1 200 OK"
2026-06-19 15:50:28,019 [INFO] HTTP Request: POST https://api.mainnet-beta.solana.com "HTTP/1.1 200 OK"
2026-06-19 15:50:28,154 [INFO] HTTP Request: POST https://api.mainnet-beta.solana.com "HTTP/1.1 200 OK"
2026-06-19 15:50:29,292 [INFO] HTTP Request: POST https://api.mainnet-beta.solana.com "HTTP/1.1 200 OK"
2026-06-19 15:50:31,235 [INFO] HTTP Request: POST https://api.mainnet-beta.solana.com "HTTP/1.1 200 OK"
2026-06-19 15:50:31,669 [INFO] HTTP Request: POST https://api.mainnet-beta.solana.com "HTTP/1.1 200 OK"
2026-06-19 15:50:32,886 [INFO] HTTP Request: POST https://api.mainnet-beta.solana.com "HTTP/1.1 200 OK"
2026-06-19 15:50:34,038 [INFO] HTTP Request: POST https://api.mainnet-beta.solana.com "HTTP/1.1 200 OK"
2026-06-19 15:50:34,171 [INFO] HTTP Request: POST https://api.mainnet-beta.solana.com "HTTP/1.1 200 OK"
2026-06-19 15:50:34,305 [INFO] HTTP Request: POST https://api.mainnet-beta.solana.com "HTTP/1.1 200 OK"
2026-06-19 15:50:35,605 [INFO] HTTP Request: POST https://api.mainnet-beta.solana.com "HTTP/1.1 200 OK"
2026-06-19 15:50:36,782 [INFO] HTTP Request: POST https://api.mainnet-beta.solana.com "HTTP/1.1 200 OK"
2026-06-19 15:50:36,939 [INFO] HTTP Request: POST https://api.mainnet-beta.solana.com "HTTP/1.1 200 OK"
2026-06-19 15:50:37,112 [INFO] HTTP Request: POST https://api.mainnet-beta.solana.com "HTTP/1.1 200 OK"
2026-06-19 15:50:38,270 [INFO] HTTP Request: POST https://api.mainnet-beta.solana.com "HTTP/1.1 200 OK"
2026-06-19 15:50:39,315 [INFO] HTTP Request: POST https://api.mainnet-beta.solana.com "HTTP/1.1 200 OK"
2026-06-19 15:50:39,518 [INFO] HTTP Request: POST https://api.mainnet-beta.solana.com "HTTP/1.1 200 OK"
2026-06-19 15:50:39,732 [INFO] HTTP Request: POST https://api.mainnet-beta.solana.com "HTTP/1.1 200 OK"
2026-06-19 15:50:40,877 [INFO] HTTP Request: POST https://api.mainnet-beta.solana.com "HTTP/1.1 200 OK"
2026-06-19 15:50:41,012 [INFO] HTTP Request: POST https://api.mainnet-beta.solana.com "HTTP/1.1 200 OK"
2026-06-19 15:50:41,145 [INFO] HTTP Request: POST https://api.mainnet-beta.solana.com "HTTP/1.1 200 OK"
2026-06-19 15:50:42,282 [INFO] HTTP Request: POST https://api.mainnet-beta.solana.com "HTTP/1.1 200 OK"
2026-06-19 15:50:43,528 [INFO] HTTP Request: POST https://api.mainnet-beta.solana.com "HTTP/1.1 200 OK"
2026-06-19 15:50:43,734 [INFO] HTTP Request: POST https://api.mainnet-beta.solana.com "HTTP/1.1 200 OK"
2026-06-19 15:50:43,935 [INFO] HTTP Request: POST https://api.mainnet-beta.solana.com "HTTP/1.1 200 OK"
2026-06-19 15:50:45,768 [INFO] HTTP Request: POST https://api.mainnet-beta.solana.com "HTTP/1.1 200 OK"
2026-06-19 15:50:45,928 [INFO] HTTP Request: POST https://api.mainnet-beta.solana.com "HTTP/1.1 200 OK"
2026-06-19 15:50:47,072 [INFO] HTTP Request: POST https://api.mainnet-beta.solana.com "HTTP/1.1 200 OK"
2026-06-19 15:50:48,351 [INFO] HTTP Request: POST https://api.mainnet-beta.solana.com "HTTP/1.1 200 OK"
2026-06-19 15:50:48,624 [INFO] HTTP Request: POST https://api.mainnet-beta.solana.com "HTTP/1.1 200 OK"
2026-06-19 15:50:48,836 [INFO] HTTP Request: POST https://api.mainnet-beta.solana.com "HTTP/1.1 200 OK"
2026-06-19 15:50:50,063 [INFO] HTTP Request: POST https://api.mainnet-beta.solana.com "HTTP/1.1 200 OK"
2026-06-19 15:50:51,270 [INFO] HTTP Request: POST https://api.mainnet-beta.solana.com "HTTP/1.1 200 OK"
2026-06-19 15:50:52,351 [INFO] HTTP Request: POST https://api.mainnet-beta.solana.com "HTTP/1.1 200 OK"
2026-06-19 15:50:52,517 [INFO] HTTP Request: POST https://api.mainnet-beta.solana.com "HTTP/1.1 200 OK"
2026-06-19 15:50:52,675 [INFO] HTTP Request: POST https://api.mainnet-beta.solana.com "HTTP/1.1 200 OK"
2026-06-19 15:50:53,828 [INFO] HTTP Request: POST https://api.mainnet-beta.solana.com "HTTP/1.1 200 OK"
2026-06-19 15:50:54,944 [INFO] HTTP Request: POST https://api.mainnet-beta.solana.com "HTTP/1.1 200 OK"
2026-06-19 15:50:55,078 [INFO] HTTP Request: POST https://api.mainnet-beta.solana.com "HTTP/1.1 200 OK"
2026-06-19 15:50:55,211 [INFO] HTTP Request: POST https://api.mainnet-beta.solana.com "HTTP/1.1 200 OK"
2026-06-19 15:50:56,350 [INFO] HTTP Request: POST https://api.mainnet-beta.solana.com "HTTP/1.1 200 OK"
2026-06-19 15:50:57,517 [INFO] HTTP Request: POST https://api.mainnet-beta.solana.com "HTTP/1.1 200 OK"
2026-06-19 15:50:57,649 [INFO] HTTP Request: POST https://api.mainnet-beta.solana.com "HTTP/1.1 200 OK"
2026-06-19 15:50:57,783 [INFO] HTTP Request: POST https://api.mainnet-beta.solana.com "HTTP/1.1 200 OK"
2026-06-19 15:50:58,954 [INFO] HTTP Request: POST https://api.mainnet-beta.solana.com "HTTP/1.1 200 OK"
2026-06-19 15:51:00,054 [INFO] HTTP Request: POST https://api.mainnet-beta.solana.com "HTTP/1.1 200 OK"
2026-06-19 15:51:00,188 [INFO] HTTP Request: POST https://api.mainnet-beta.solana.com "HTTP/1.1 200 OK"
2026-06-19 15:51:00,319 [INFO] HTTP Request: POST https://api.mainnet-beta.solana.com "HTTP/1.1 200 OK"
2026-06-19 15:51:01,519 [INFO] HTTP Request: POST https://api.mainnet-beta.solana.com "HTTP/1.1 200 OK"
2026-06-19 15:51:02,663 [INFO] HTTP Request: POST https://api.mainnet-beta.solana.com "HTTP/1.1 200 OK"
2026-06-19 15:51:02,796 [INFO] HTTP Request: POST https://api.mainnet-beta.solana.com "HTTP/1.1 200 OK"
2026-06-19 15:51:02,955 [INFO] HTTP Request: POST https://api.mainnet-beta.solana.com "HTTP/1.1 200 OK"
2026-06-19 15:51:04,099 [INFO] HTTP Request: POST https://api.mainnet-beta.solana.com "HTTP/1.1 200 OK"
2026-06-19 15:51:05,817 [INFO] HTTP Request: POST https://api.mainnet-beta.solana.com "HTTP/1.1 200 OK"
2026-06-19 15:51:05,951 [INFO] HTTP Request: POST https://api.mainnet-beta.solana.com "HTTP/1.1 200 OK"
2026-06-19 15:51:07,230 [INFO] HTTP Request: POST https://api.mainnet-beta.solana.com "HTTP/1.1 200 OK"
2026-06-19 15:51:08,351 [INFO] HTTP Request: POST https://api.mainnet-beta.solana.com "HTTP/1.1 200 OK"
2026-06-19 15:51:08,484 [INFO] HTTP Request: POST https://api.mainnet-beta.solana.com "HTTP/1.1 200 OK"
2026-06-19 15:51:08,626 [INFO] HTTP Request: POST https://api.mainnet-beta.solana.com "HTTP/1.1 200 OK"
2026-06-19 15:51:09,794 [INFO] HTTP Request: POST https://api.mainnet-beta.solana.com "HTTP/1.1 200 OK"
2026-06-19 15:51:10,936 [INFO] HTTP Request: POST https://api.mainnet-beta.solana.com "HTTP/1.1 200 OK"
2026-06-19 15:51:12,337 [INFO] HTTP Request: POST https://api.mainnet-beta.solana.com "HTTP/1.1 200 OK"
2026-06-19 15:51:12,480 [INFO] HTTP Request: POST https://api.mainnet-beta.solana.com "HTTP/1.1 200 OK"
2026-06-19 15:51:12,622 [INFO] HTTP Request: POST https://api.mainnet-beta.solana.com "HTTP/1.1 200 OK"
2026-06-19 15:51:13,788 [INFO] HTTP Request: POST https://api.mainnet-beta.solana.com "HTTP/1.1 200 OK"
2026-06-19 15:51:14,967 [INFO] HTTP Request: POST https://api.mainnet-beta.solana.com "HTTP/1.1 200 OK"
2026-06-19 15:51:15,179 [INFO] HTTP Request: POST https://api.mainnet-beta.solana.com "HTTP/1.1 200 OK"
2026-06-19 15:51:15,320 [INFO] HTTP Request: POST https://api.mainnet-beta.solana.com "HTTP/1.1 200 OK"
2026-06-19 15:51:16,471 [INFO] HTTP Request: POST https://api.mainnet-beta.solana.com "HTTP/1.1 200 OK"
2026-06-19 15:51:17,663 [INFO] HTTP Request: POST https://api.mainnet-beta.solana.com "HTTP/1.1 200 OK"
2026-06-19 15:51:17,802 [INFO] HTTP Request: POST https://api.mainnet-beta.solana.com "HTTP/1.1 200 OK"
2026-06-19 15:51:17,935 [INFO] HTTP Request: POST https://api.mainnet-beta.solana.com "HTTP/1.1 200 OK"
2026-06-19 15:51:19,072 [INFO] HTTP Request: POST https://api.mainnet-beta.solana.com "HTTP/1.1 200 OK"
2026-06-19 15:51:21,217 [INFO] HTTP Request: POST https://api.mainnet-beta.solana.com "HTTP/1.1 200 OK"
2026-06-19 15:51:21,395 [INFO] HTTP Request: POST https://api.mainnet-beta.solana.com "HTTP/1.1 200 OK"
2026-06-19 15:51:22,530 [INFO] HTTP Request: POST https://api.mainnet-beta.solana.com "HTTP/1.1 200 OK"
2026-06-19 15:51:23,675 [INFO] HTTP Request: POST https://api.mainnet-beta.solana.com "HTTP/1.1 200 OK"
2026-06-19 15:51:24,874 [INFO] HTTP Request: POST https://api.mainnet-beta.solana.com "HTTP/1.1 200 OK"
2026-06-19 15:51:25,047 [INFO] HTTP Request: POST https://api.mainnet-beta.solana.com "HTTP/1.1 200 OK"
2026-06-19 15:51:25,182 [INFO] HTTP Request: POST https://api.mainnet-beta.solana.com "HTTP/1.1 200 OK"
2026-06-19 15:51:26,318 [INFO] HTTP Request: POST https://api.mainnet-beta.solana.com "HTTP/1.1 200 OK"
2026-06-19 15:51:27,669 [INFO] HTTP Request: POST https://api.mainnet-beta.solana.com "HTTP/1.1 200 OK"
2026-06-19 15:51:27,877 [INFO] HTTP Request: POST https://api.mainnet-beta.solana.com "HTTP/1.1 200 OK"
2026-06-19 15:51:28,136 [INFO] HTTP Request: POST https://api.mainnet-beta.solana.com "HTTP/1.1 200 OK"
2026-06-19 15:51:29,339 [INFO] HTTP Request: POST https://api.mainnet-beta.solana.com "HTTP/1.1 200 OK"
2026-06-19 15:51:30,463 [INFO] HTTP Request: POST https://api.mainnet-beta.solana.com "HTTP/1.1 200 OK"
2026-06-19 15:51:30,597 [INFO] HTTP Request: POST https://api.mainnet-beta.solana.com "HTTP/1.1 200 OK"
2026-06-19 15:51:30,747 [INFO] HTTP Request: POST https://api.mainnet-beta.solana.com "HTTP/1.1 200 OK"
2026-06-19 15:51:31,893 [INFO] HTTP Request: POST https://api.mainnet-beta.solana.com "HTTP/1.1 200 OK"
2026-06-19 15:51:44,454 [INFO] ✅ Orchestrator concluído com sucesso
2026-06-19 15:51:44,464 [INFO] 📊 Total txs reais neste ciclo: 34
2026-06-19 15:51:44,464 [INFO] 📝 Log salvo em: /root/Airdrop Inbound AI/logs/solana_farm.log
2026-06-19 15:52:30,735 [INFO] ============================================================
2026-06-19 15:52:30,736 [INFO] 🚀 Iniciando ciclo semanal Solana Farm
2026-06-19 15:52:30,883 [INFO] 🧹 DB limpo (signals + solana txs)
2026-06-19 15:52:30,991 [INFO] ✅ 6 signals inseridos
2026-06-19 15:52:39,000 [WARNING] Telegram not configured (set TELEGRAM_BOT_TOKEN and TELEGRAM_CHAT_ID)
2026-06-19 15:52:39,000 [WARNING] Discord not configured (set DISCORD_WEBHOOK_URL)
2026-06-19 15:52:42,293 [INFO] HTTP Request: POST https://api.mainnet-beta.solana.com "HTTP/1.1 200 OK"
2026-06-19 15:52:42,509 [INFO] HTTP Request: POST https://api.mainnet-beta.solana.com "HTTP/1.1 200 OK"
2026-06-19 15:52:43,653 [INFO] HTTP Request: POST https://api.mainnet-beta.solana.com "HTTP/1.1 200 OK"
2026-06-19 15:52:44,818 [INFO] HTTP Request: POST https://api.mainnet-beta.solana.com "HTTP/1.1 200 OK"
2026-06-19 15:52:44,955 [INFO] HTTP Request: POST https://api.mainnet-beta.solana.com "HTTP/1.1 200 OK"
2026-06-19 15:52:45,140 [INFO] HTTP Request: POST https://api.mainnet-beta.solana.com "HTTP/1.1 200 OK"
2026-06-19 15:52:46,276 [INFO] HTTP Request: POST https://api.mainnet-beta.solana.com "HTTP/1.1 200 OK"
2026-06-19 15:52:47,323 [INFO] HTTP Request: POST https://api.mainnet-beta.solana.com "HTTP/1.1 200 OK"
2026-06-19 15:52:47,509 [INFO] HTTP Request: POST https://api.mainnet-beta.solana.com "HTTP/1.1 200 OK"
2026-06-19 15:52:47,646 [INFO] HTTP Request: POST https://api.mainnet-beta.solana.com "HTTP/1.1 200 OK"
2026-06-19 15:52:48,782 [INFO] HTTP Request: POST https://api.mainnet-beta.solana.com "HTTP/1.1 200 OK"
2026-06-19 15:52:49,953 [INFO] HTTP Request: POST https://api.mainnet-beta.solana.com "HTTP/1.1 200 OK"
2026-06-19 15:52:50,140 [INFO] HTTP Request: POST https://api.mainnet-beta.solana.com "HTTP/1.1 200 OK"
2026-06-19 15:52:50,272 [INFO] HTTP Request: POST https://api.mainnet-beta.solana.com "HTTP/1.1 200 OK"
2026-06-19 15:52:51,410 [INFO] HTTP Request: POST https://api.mainnet-beta.solana.com "HTTP/1.1 200 OK"
2026-06-19 15:52:52,511 [INFO] HTTP Request: POST https://api.mainnet-beta.solana.com "HTTP/1.1 200 OK"
2026-06-19 15:52:52,645 [INFO] HTTP Request: POST https://api.mainnet-beta.solana.com "HTTP/1.1 200 OK"
2026-06-19 15:52:52,780 [INFO] HTTP Request: POST https://api.mainnet-beta.solana.com "HTTP/1.1 200 OK"
2026-06-19 15:52:53,931 [INFO] HTTP Request: POST https://api.mainnet-beta.solana.com "HTTP/1.1 200 OK"
2026-06-19 15:52:54,980 [INFO] HTTP Request: POST https://api.mainnet-beta.solana.com "HTTP/1.1 200 OK"
2026-06-19 15:52:55,151 [INFO] HTTP Request: POST https://api.mainnet-beta.solana.com "HTTP/1.1 200 OK"
2026-06-19 15:52:55,282 [INFO] HTTP Request: POST https://api.mainnet-beta.solana.com "HTTP/1.1 200 OK"
2026-06-19 15:52:56,508 [INFO] HTTP Request: POST https://api.mainnet-beta.solana.com "HTTP/1.1 200 OK"
2026-06-19 15:52:58,294 [INFO] HTTP Request: POST https://api.mainnet-beta.solana.com "HTTP/1.1 200 OK"
2026-06-19 15:52:58,537 [INFO] HTTP Request: POST https://api.mainnet-beta.solana.com "HTTP/1.1 200 OK"
2026-06-19 15:52:59,673 [INFO] HTTP Request: POST https://api.mainnet-beta.solana.com "HTTP/1.1 200 OK"
2026-06-19 15:53:00,784 [INFO] HTTP Request: POST https://api.mainnet-beta.solana.com "HTTP/1.1 200 OK"
2026-06-19 15:53:00,922 [INFO] HTTP Request: POST https://api.mainnet-beta.solana.com "HTTP/1.1 200 OK"
2026-06-19 15:53:01,140 [INFO] HTTP Request: POST https://api.mainnet-beta.solana.com "HTTP/1.1 200 OK"
2026-06-19 15:53:02,280 [INFO] HTTP Request: POST https://api.mainnet-beta.solana.com "HTTP/1.1 200 OK"
2026-06-19 15:53:03,414 [INFO] HTTP Request: POST https://api.mainnet-beta.solana.com "HTTP/1.1 200 OK"
2026-06-19 15:53:03,551 [INFO] HTTP Request: POST https://api.mainnet-beta.solana.com "HTTP/1.1 200 OK"
2026-06-19 15:53:03,686 [INFO] HTTP Request: POST https://api.mainnet-beta.solana.com "HTTP/1.1 200 OK"
2026-06-19 15:53:04,826 [INFO] HTTP Request: POST https://api.mainnet-beta.solana.com "HTTP/1.1 200 OK"
2026-06-19 15:53:05,980 [INFO] HTTP Request: POST https://api.mainnet-beta.solana.com "HTTP/1.1 200 OK"
2026-06-19 15:53:06,142 [INFO] HTTP Request: POST https://api.mainnet-beta.solana.com "HTTP/1.1 200 OK"
2026-06-19 15:53:06,281 [INFO] HTTP Request: POST https://api.mainnet-beta.solana.com "HTTP/1.1 200 OK"
2026-06-19 15:53:07,541 [INFO] HTTP Request: POST https://api.mainnet-beta.solana.com "HTTP/1.1 200 OK"
2026-06-19 15:53:08,830 [INFO] HTTP Request: POST https://api.mainnet-beta.solana.com "HTTP/1.1 200 OK"
2026-06-19 15:53:09,032 [INFO] HTTP Request: POST https://api.mainnet-beta.solana.com "HTTP/1.1 200 OK"
2026-06-19 15:53:09,333 [INFO] HTTP Request: POST https://api.mainnet-beta.solana.com "HTTP/1.1 200 OK"
2026-06-19 15:53:10,539 [INFO] HTTP Request: POST https://api.mainnet-beta.solana.com "HTTP/1.1 200 OK"
2026-06-19 15:53:11,657 [INFO] HTTP Request: POST https://api.mainnet-beta.solana.com "HTTP/1.1 200 OK"
2026-06-19 15:53:11,790 [INFO] HTTP Request: POST https://api.mainnet-beta.solana.com "HTTP/1.1 200 OK"
2026-06-19 15:53:11,928 [INFO] HTTP Request: POST https://api.mainnet-beta.solana.com "HTTP/1.1 200 OK"
2026-06-19 15:53:13,662 [INFO] HTTP Request: POST https://api.mainnet-beta.solana.com "HTTP/1.1 200 OK"
2026-06-19 15:53:13,799 [INFO] HTTP Request: POST https://api.mainnet-beta.solana.com "HTTP/1.1 200 OK"
2026-06-19 15:53:14,951 [INFO] HTTP Request: POST https://api.mainnet-beta.solana.com "HTTP/1.1 200 OK"
2026-06-19 15:53:16,185 [INFO] HTTP Request: POST https://api.mainnet-beta.solana.com "HTTP/1.1 200 OK"
2026-06-19 15:53:16,385 [INFO] HTTP Request: POST https://api.mainnet-beta.solana.com "HTTP/1.1 200 OK"
2026-06-19 15:53:16,621 [INFO] HTTP Request: POST https://api.mainnet-beta.solana.com "HTTP/1.1 200 OK"
2026-06-19 15:53:17,680 [INFO] HTTP Request: POST https://api.mainnet-beta.solana.com "HTTP/1.1 200 OK"
2026-06-19 15:53:17,811 [INFO] HTTP Request: POST https://api.mainnet-beta.solana.com "HTTP/1.1 200 OK"
2026-06-19 15:53:17,944 [INFO] HTTP Request: POST https://api.mainnet-beta.solana.com "HTTP/1.1 200 OK"
2026-06-19 15:53:19,141 [INFO] HTTP Request: POST https://api.mainnet-beta.solana.com "HTTP/1.1 200 OK"
2026-06-19 15:53:20,324 [INFO] HTTP Request: POST https://api.mainnet-beta.solana.com "HTTP/1.1 200 OK"
2026-06-19 15:53:20,508 [INFO] HTTP Request: POST https://api.mainnet-beta.solana.com "HTTP/1.1 200 OK"
2026-06-19 15:53:20,644 [INFO] HTTP Request: POST https://api.mainnet-beta.solana.com "HTTP/1.1 200 OK"
2026-06-19 15:53:21,782 [INFO] HTTP Request: POST https://api.mainnet-beta.solana.com "HTTP/1.1 200 OK"
2026-06-19 15:53:22,930 [INFO] HTTP Request: POST https://api.mainnet-beta.solana.com "HTTP/1.1 200 OK"
2026-06-19 15:53:23,140 [INFO] HTTP Request: POST https://api.mainnet-beta.solana.com "HTTP/1.1 200 OK"
2026-06-19 15:53:23,271 [INFO] HTTP Request: POST https://api.mainnet-beta.solana.com "HTTP/1.1 200 OK"
2026-06-19 15:53:24,412 [INFO] HTTP Request: POST https://api.mainnet-beta.solana.com "HTTP/1.1 200 OK"
2026-06-19 15:53:25,570 [INFO] HTTP Request: POST https://api.mainnet-beta.solana.com "HTTP/1.1 200 OK"
2026-06-19 15:53:26,684 [INFO] HTTP Request: POST https://api.mainnet-beta.solana.com "HTTP/1.1 200 OK"
2026-06-19 15:53:26,831 [INFO] HTTP Request: POST https://api.mainnet-beta.solana.com "HTTP/1.1 200 OK"
2026-06-19 15:53:26,965 [INFO] HTTP Request: POST https://api.mainnet-beta.solana.com "HTTP/1.1 200 OK"
2026-06-19 15:53:28,100 [INFO] HTTP Request: POST https://api.mainnet-beta.solana.com "HTTP/1.1 200 OK"
2026-06-19 15:53:29,258 [INFO] HTTP Request: POST https://api.mainnet-beta.solana.com "HTTP/1.1 200 OK"
2026-06-19 15:53:31,129 [INFO] HTTP Request: POST https://api.mainnet-beta.solana.com "HTTP/1.1 200 OK"
2026-06-19 15:53:31,268 [INFO] HTTP Request: POST https://api.mainnet-beta.solana.com "HTTP/1.1 200 OK"
2026-06-19 15:53:32,425 [INFO] HTTP Request: POST https://api.mainnet-beta.solana.com "HTTP/1.1 200 OK"
2026-06-19 15:53:33,660 [INFO] HTTP Request: POST https://api.mainnet-beta.solana.com "HTTP/1.1 200 OK"
2026-06-19 15:53:33,795 [INFO] HTTP Request: POST https://api.mainnet-beta.solana.com "HTTP/1.1 200 OK"
2026-06-19 15:53:33,934 [INFO] HTTP Request: POST https://api.mainnet-beta.solana.com "HTTP/1.1 200 OK"
2026-06-19 15:53:35,084 [INFO] HTTP Request: POST https://api.mainnet-beta.solana.com "HTTP/1.1 200 OK"
2026-06-19 15:53:36,152 [INFO] HTTP Request: POST https://api.mainnet-beta.solana.com "HTTP/1.1 200 OK"
2026-06-19 15:53:36,285 [INFO] HTTP Request: POST https://api.mainnet-beta.solana.com "HTTP/1.1 200 OK"
2026-06-19 15:53:36,435 [INFO] HTTP Request: POST https://api.mainnet-beta.solana.com "HTTP/1.1 200 OK"
2026-06-19 15:53:37,732 [INFO] HTTP Request: POST https://api.mainnet-beta.solana.com "HTTP/1.1 200 OK"
2026-06-19 15:53:38,960 [INFO] HTTP Request: POST https://api.mainnet-beta.solana.com "HTTP/1.1 200 OK"
2026-06-19 15:53:39,104 [INFO] HTTP Request: POST https://api.mainnet-beta.solana.com "HTTP/1.1 200 OK"
2026-06-19 15:53:39,247 [INFO] HTTP Request: POST https://api.mainnet-beta.solana.com "HTTP/1.1 200 OK"
2026-06-19 15:53:40,393 [INFO] HTTP Request: POST https://api.mainnet-beta.solana.com "HTTP/1.1 200 OK"
2026-06-19 15:53:41,464 [INFO] HTTP Request: POST https://api.mainnet-beta.solana.com "HTTP/1.1 200 OK"
2026-06-19 15:53:41,679 [INFO] HTTP Request: POST https://api.mainnet-beta.solana.com "HTTP/1.1 200 OK"
2026-06-19 15:53:41,814 [INFO] HTTP Request: POST https://api.mainnet-beta.solana.com "HTTP/1.1 200 OK"
2026-06-19 15:53:43,004 [INFO] HTTP Request: POST https://api.mainnet-beta.solana.com "HTTP/1.1 200 OK"
2026-06-19 15:53:44,103 [INFO] HTTP Request: POST https://api.mainnet-beta.solana.com "HTTP/1.1 200 OK"
2026-06-19 15:53:44,236 [INFO] HTTP Request: POST https://api.mainnet-beta.solana.com "HTTP/1.1 200 OK"
2026-06-19 15:53:44,373 [INFO] HTTP Request: POST https://api.mainnet-beta.solana.com "HTTP/1.1 200 OK"
2026-06-19 15:53:45,555 [INFO] HTTP Request: POST https://api.mainnet-beta.solana.com "HTTP/1.1 200 OK"
2026-06-19 15:53:46,878 [INFO] HTTP Request: POST https://api.mainnet-beta.solana.com "HTTP/1.1 200 OK"
2026-06-19 15:53:47,081 [INFO] HTTP Request: POST https://api.mainnet-beta.solana.com "HTTP/1.1 200 OK"
2026-06-19 15:53:47,284 [INFO] HTTP Request: POST https://api.mainnet-beta.solana.com "HTTP/1.1 200 OK"
2026-06-19 15:53:48,556 [INFO] HTTP Request: POST https://api.mainnet-beta.solana.com "HTTP/1.1 200 OK"
2026-06-19 15:53:50,378 [INFO] HTTP Request: POST https://api.mainnet-beta.solana.com "HTTP/1.1 200 OK"
2026-06-19 15:53:50,562 [INFO] HTTP Request: POST https://api.mainnet-beta.solana.com "HTTP/1.1 200 OK"
2026-06-19 15:53:51,698 [INFO] HTTP Request: POST https://api.mainnet-beta.solana.com "HTTP/1.1 200 OK"
2026-06-19 15:53:52,974 [INFO] HTTP Request: POST https://api.mainnet-beta.solana.com "HTTP/1.1 200 OK"
2026-06-19 15:53:53,180 [INFO] HTTP Request: POST https://api.mainnet-beta.solana.com "HTTP/1.1 200 OK"
2026-06-19 15:53:53,383 [INFO] HTTP Request: POST https://api.mainnet-beta.solana.com "HTTP/1.1 200 OK"
2026-06-19 15:53:54,757 [INFO] HTTP Request: POST https://api.mainnet-beta.solana.com "HTTP/1.1 200 OK"
2026-06-19 15:53:55,831 [INFO] HTTP Request: POST https://api.mainnet-beta.solana.com "HTTP/1.1 200 OK"
2026-06-19 15:53:55,996 [INFO] HTTP Request: POST https://api.mainnet-beta.solana.com "HTTP/1.1 200 OK"
2026-06-19 15:53:56,130 [INFO] HTTP Request: POST https://api.mainnet-beta.solana.com "HTTP/1.1 200 OK"
2026-06-19 15:53:57,262 [INFO] HTTP Request: POST https://api.mainnet-beta.solana.com "HTTP/1.1 200 OK"
2026-06-19 15:53:58,310 [INFO] HTTP Request: POST https://api.mainnet-beta.solana.com "HTTP/1.1 200 OK"
2026-06-19 15:53:58,451 [INFO] HTTP Request: POST https://api.mainnet-beta.solana.com "HTTP/1.1 200 OK"
2026-06-19 15:53:58,753 [INFO] HTTP Request: POST https://api.mainnet-beta.solana.com "HTTP/1.1 200 OK"
2026-06-19 15:53:59,899 [INFO] HTTP Request: POST https://api.mainnet-beta.solana.com "HTTP/1.1 200 OK"
2026-06-19 15:54:01,099 [INFO] HTTP Request: POST https://api.mainnet-beta.solana.com "HTTP/1.1 200 OK"
2026-06-19 15:54:01,244 [INFO] HTTP Request: POST https://api.mainnet-beta.solana.com "HTTP/1.1 200 OK"
2026-06-19 15:54:01,377 [INFO] HTTP Request: POST https://api.mainnet-beta.solana.com "HTTP/1.1 200 OK"
2026-06-19 15:54:02,668 [INFO] HTTP Request: POST https://api.mainnet-beta.solana.com "HTTP/1.1 200 OK"
2026-06-19 15:54:04,800 [INFO] HTTP Request: POST https://api.mainnet-beta.solana.com "HTTP/1.1 200 OK"
2026-06-19 15:54:04,943 [INFO] HTTP Request: POST https://api.mainnet-beta.solana.com "HTTP/1.1 200 OK"
2026-06-19 15:54:06,124 [INFO] HTTP Request: POST https://api.mainnet-beta.solana.com "HTTP/1.1 200 OK"
2026-06-19 15:54:07,410 [INFO] HTTP Request: POST https://api.mainnet-beta.solana.com "HTTP/1.1 200 OK"
2026-06-19 15:54:07,686 [INFO] HTTP Request: POST https://api.mainnet-beta.solana.com "HTTP/1.1 200 OK"
2026-06-19 15:54:07,887 [INFO] HTTP Request: POST https://api.mainnet-beta.solana.com "HTTP/1.1 200 OK"
2026-06-19 15:54:09,113 [INFO] HTTP Request: POST https://api.mainnet-beta.solana.com "HTTP/1.1 200 OK"
2026-06-19 15:54:10,186 [INFO] HTTP Request: POST https://api.mainnet-beta.solana.com "HTTP/1.1 200 OK"
2026-06-19 15:54:10,341 [INFO] HTTP Request: POST https://api.mainnet-beta.solana.com "HTTP/1.1 200 OK"
2026-06-19 15:54:10,554 [INFO] HTTP Request: POST https://api.mainnet-beta.solana.com "HTTP/1.1 200 OK"
2026-06-19 15:54:11,789 [INFO] HTTP Request: POST https://api.mainnet-beta.solana.com "HTTP/1.1 200 OK"
2026-06-19 15:54:12,947 [INFO] HTTP Request: POST https://api.mainnet-beta.solana.com "HTTP/1.1 200 OK"
2026-06-19 15:54:14,129 [INFO] HTTP Request: POST https://api.mainnet-beta.solana.com "HTTP/1.1 200 OK"
2026-06-19 15:54:14,264 [INFO] HTTP Request: POST https://api.mainnet-beta.solana.com "HTTP/1.1 200 OK"
2026-06-19 15:54:14,403 [INFO] HTTP Request: POST https://api.mainnet-beta.solana.com "HTTP/1.1 200 OK"
2026-06-19 15:54:15,559 [INFO] HTTP Request: POST https://api.mainnet-beta.solana.com "HTTP/1.1 200 OK"
2026-06-19 15:54:27,274 [INFO] ✅ Orchestrator concluído
2026-06-19 15:54:27,286 [INFO] 📊 Total txs reais neste ciclo: 34
2026-06-19 15:54:27,287 [INFO] 📝 Log: /root/Airdrop Inbound AI/logs/solana_farm.log
2026-06-19 15:54:27,287 [INFO] ============================================================
2026-06-19 16:04:09,885 [INFO] ============================================================
2026-06-19 16:04:09,886 [INFO] 🚀 Iniciando ciclo semanal Solana Farm
2026-06-19 16:04:09,978 [INFO] 🧹 DB limpo (signals + solana txs)
2026-06-19 16:04:10,069 [INFO] ✅ 6 signals inseridos
2026-06-19 16:04:18,308 [WARNING] Telegram not configured (set TELEGRAM_BOT_TOKEN and TELEGRAM_CHAT_ID)
2026-06-19 16:04:18,308 [WARNING] Discord not configured (set DISCORD_WEBHOOK_URL)
2026-06-19 16:04:21,928 [INFO] HTTP Request: POST https://api.mainnet-beta.solana.com "HTTP/1.1 200 OK"
2026-06-19 16:04:22,128 [INFO] HTTP Request: POST https://api.mainnet-beta.solana.com "HTTP/1.1 200 OK"
2026-06-19 16:04:23,281 [INFO] HTTP Request: POST https://api.mainnet-beta.solana.com "HTTP/1.1 200 OK"
2026-06-19 16:04:24,547 [INFO] HTTP Request: POST https://api.mainnet-beta.solana.com "HTTP/1.1 200 OK"
2026-06-19 16:04:24,754 [INFO] HTTP Request: POST https://api.mainnet-beta.solana.com "HTTP/1.1 200 OK"
2026-06-19 16:04:24,954 [INFO] HTTP Request: POST https://api.mainnet-beta.solana.com "HTTP/1.1 200 OK"
2026-06-19 16:04:26,680 [INFO] HTTP Request: POST https://api.mainnet-beta.solana.com "HTTP/1.1 200 OK"
2026-06-19 16:04:26,952 [INFO] HTTP Request: POST https://api.mainnet-beta.solana.com "HTTP/1.1 200 OK"
2026-06-19 16:04:27,178 [INFO] HTTP Request: POST https://api.mainnet-beta.solana.com "HTTP/1.1 200 OK"
2026-06-19 16:04:28,404 [INFO] HTTP Request: POST https://api.mainnet-beta.solana.com "HTTP/1.1 200 OK"
2026-06-19 16:04:29,458 [INFO] HTTP Request: POST https://api.mainnet-beta.solana.com "HTTP/1.1 200 OK"
2026-06-19 16:04:29,595 [INFO] HTTP Request: POST https://api.mainnet-beta.solana.com "HTTP/1.1 200 OK"
2026-06-19 16:04:29,764 [INFO] HTTP Request: POST https://api.mainnet-beta.solana.com "HTTP/1.1 200 OK"
2026-06-19 16:04:30,980 [INFO] HTTP Request: POST https://api.mainnet-beta.solana.com "HTTP/1.1 200 OK"
2026-06-19 16:04:32,225 [INFO] HTTP Request: POST https://api.mainnet-beta.solana.com "HTTP/1.1 200 OK"
2026-06-19 16:04:32,427 [INFO] HTTP Request: POST https://api.mainnet-beta.solana.com "HTTP/1.1 200 OK"
2026-06-19 16:04:32,633 [INFO] HTTP Request: POST https://api.mainnet-beta.solana.com "HTTP/1.1 200 OK"
2026-06-19 16:04:33,845 [INFO] HTTP Request: POST https://api.mainnet-beta.solana.com "HTTP/1.1 200 OK"
2026-06-19 16:04:34,954 [INFO] HTTP Request: POST https://api.mainnet-beta.solana.com "HTTP/1.1 200 OK"
2026-06-19 16:04:35,171 [INFO] HTTP Request: POST https://api.mainnet-beta.solana.com "HTTP/1.1 200 OK"
2026-06-19 16:04:35,310 [INFO] HTTP Request: POST https://api.mainnet-beta.solana.com "HTTP/1.1 200 OK"
2026-06-19 16:04:36,451 [INFO] HTTP Request: POST https://api.mainnet-beta.solana.com "HTTP/1.1 200 OK"
2026-06-19 16:04:38,574 [INFO] HTTP Request: POST https://api.mainnet-beta.solana.com "HTTP/1.1 200 OK"
2026-06-19 16:04:38,779 [INFO] HTTP Request: POST https://api.mainnet-beta.solana.com "HTTP/1.1 200 OK"
2026-06-19 16:04:39,998 [INFO] HTTP Request: POST https://api.mainnet-beta.solana.com "HTTP/1.1 200 OK"
2026-06-19 16:04:41,236 [INFO] HTTP Request: POST https://api.mainnet-beta.solana.com "HTTP/1.1 200 OK"
2026-06-19 16:04:42,451 [INFO] HTTP Request: POST https://api.mainnet-beta.solana.com "HTTP/1.1 200 OK"
2026-06-19 16:04:42,588 [INFO] HTTP Request: POST https://api.mainnet-beta.solana.com "HTTP/1.1 200 OK"
2026-06-19 16:04:42,721 [INFO] HTTP Request: POST https://api.mainnet-beta.solana.com "HTTP/1.1 200 OK"
2026-06-19 16:04:43,952 [INFO] HTTP Request: POST https://api.mainnet-beta.solana.com "HTTP/1.1 200 OK"
2026-06-19 16:04:45,151 [INFO] HTTP Request: POST https://api.mainnet-beta.solana.com "HTTP/1.1 200 OK"
2026-06-19 16:04:45,295 [INFO] HTTP Request: POST https://api.mainnet-beta.solana.com "HTTP/1.1 200 OK"
2026-06-19 16:04:45,428 [INFO] HTTP Request: POST https://api.mainnet-beta.solana.com "HTTP/1.1 200 OK"
2026-06-19 16:04:46,568 [INFO] HTTP Request: POST https://api.mainnet-beta.solana.com "HTTP/1.1 200 OK"
2026-06-19 16:04:47,618 [INFO] HTTP Request: POST https://api.mainnet-beta.solana.com "HTTP/1.1 200 OK"
2026-06-19 16:04:47,758 [INFO] HTTP Request: POST https://api.mainnet-beta.solana.com "HTTP/1.1 200 OK"
2026-06-19 16:04:47,961 [INFO] HTTP Request: POST https://api.mainnet-beta.solana.com "HTTP/1.1 200 OK"
2026-06-19 16:04:49,154 [INFO] HTTP Request: POST https://api.mainnet-beta.solana.com "HTTP/1.1 200 OK"
2026-06-19 16:04:50,286 [INFO] HTTP Request: POST https://api.mainnet-beta.solana.com "HTTP/1.1 200 OK"
2026-06-19 16:04:50,461 [INFO] HTTP Request: POST https://api.mainnet-beta.solana.com "HTTP/1.1 200 OK"
2026-06-19 16:04:50,594 [INFO] HTTP Request: POST https://api.mainnet-beta.solana.com "HTTP/1.1 200 OK"
2026-06-19 16:04:51,775 [INFO] HTTP Request: POST https://api.mainnet-beta.solana.com "HTTP/1.1 200 OK"
2026-06-19 16:04:52,847 [INFO] HTTP Request: POST https://api.mainnet-beta.solana.com "HTTP/1.1 200 OK"
2026-06-19 16:04:52,980 [INFO] HTTP Request: POST https://api.mainnet-beta.solana.com "HTTP/1.1 200 OK"
2026-06-19 16:04:53,149 [INFO] HTTP Request: POST https://api.mainnet-beta.solana.com "HTTP/1.1 200 OK"
2026-06-19 16:04:54,285 [INFO] HTTP Request: POST https://api.mainnet-beta.solana.com "HTTP/1.1 200 OK"
2026-06-19 16:04:56,370 [INFO] HTTP Request: POST https://api.mainnet-beta.solana.com "HTTP/1.1 200 OK"
2026-06-19 16:04:56,572 [INFO] HTTP Request: POST https://api.mainnet-beta.solana.com "HTTP/1.1 200 OK"
2026-06-19 16:04:57,777 [INFO] HTTP Request: POST https://api.mainnet-beta.solana.com "HTTP/1.1 200 OK"
2026-06-19 16:04:58,828 [INFO] HTTP Request: POST https://api.mainnet-beta.solana.com "HTTP/1.1 200 OK"
2026-06-19 16:04:58,961 [INFO] HTTP Request: POST https://api.mainnet-beta.solana.com "HTTP/1.1 200 OK"
2026-06-19 16:04:59,166 [INFO] HTTP Request: POST https://api.mainnet-beta.solana.com "HTTP/1.1 200 OK"
2026-06-19 16:05:00,311 [INFO] HTTP Request: POST https://api.mainnet-beta.solana.com "HTTP/1.1 200 OK"
2026-06-19 16:05:01,581 [INFO] HTTP Request: POST https://api.mainnet-beta.solana.com "HTTP/1.1 200 OK"
2026-06-19 16:05:01,795 [INFO] HTTP Request: POST https://api.mainnet-beta.solana.com "HTTP/1.1 200 OK"
2026-06-19 16:05:01,990 [INFO] HTTP Request: POST https://api.mainnet-beta.solana.com "HTTP/1.1 200 OK"
2026-06-19 16:05:03,305 [INFO] HTTP Request: POST https://api.mainnet-beta.solana.com "HTTP/1.1 200 OK"
2026-06-19 16:05:04,615 [INFO] HTTP Request: POST https://api.mainnet-beta.solana.com "HTTP/1.1 200 OK"
2026-06-19 16:05:04,754 [INFO] HTTP Request: POST https://api.mainnet-beta.solana.com "HTTP/1.1 200 OK"
2026-06-19 16:05:05,168 [INFO] HTTP Request: POST https://api.mainnet-beta.solana.com "HTTP/1.1 200 OK"
2026-06-19 16:05:06,324 [INFO] HTTP Request: POST https://api.mainnet-beta.solana.com "HTTP/1.1 200 OK"
2026-06-19 16:05:07,576 [INFO] HTTP Request: POST https://api.mainnet-beta.solana.com "HTTP/1.1 200 OK"
2026-06-19 16:05:07,709 [INFO] HTTP Request: POST https://api.mainnet-beta.solana.com "HTTP/1.1 200 OK"
2026-06-19 16:05:07,973 [INFO] HTTP Request: POST https://api.mainnet-beta.solana.com "HTTP/1.1 200 OK"
2026-06-19 16:05:09,171 [INFO] HTTP Request: POST https://api.mainnet-beta.solana.com "HTTP/1.1 200 OK"
2026-06-19 16:05:10,294 [INFO] HTTP Request: POST https://api.mainnet-beta.solana.com "HTTP/1.1 200 OK"
2026-06-19 16:05:10,426 [INFO] HTTP Request: POST https://api.mainnet-beta.solana.com "HTTP/1.1 200 OK"
2026-06-19 16:05:10,558 [INFO] HTTP Request: POST https://api.mainnet-beta.solana.com "HTTP/1.1 200 OK"
2026-06-19 16:05:11,695 [INFO] HTTP Request: POST https://api.mainnet-beta.solana.com "HTTP/1.1 200 OK"
2026-06-19 16:05:13,648 [INFO] HTTP Request: POST https://api.mainnet-beta.solana.com "HTTP/1.1 200 OK"
2026-06-19 16:05:13,854 [INFO] HTTP Request: POST https://api.mainnet-beta.solana.com "HTTP/1.1 200 OK"
2026-06-19 16:05:15,148 [INFO] HTTP Request: POST https://api.mainnet-beta.solana.com "HTTP/1.1 200 OK"
2026-06-19 16:05:16,290 [INFO] HTTP Request: POST https://api.mainnet-beta.solana.com "HTTP/1.1 200 OK"
2026-06-19 16:05:16,426 [INFO] HTTP Request: POST https://api.mainnet-beta.solana.com "HTTP/1.1 200 OK"
2026-06-19 16:05:16,558 [INFO] HTTP Request: POST https://api.mainnet-beta.solana.com "HTTP/1.1 200 OK"
2026-06-19 16:05:17,693 [INFO] HTTP Request: POST https://api.mainnet-beta.solana.com "HTTP/1.1 200 OK"
2026-06-19 16:05:18,698 [INFO] HTTP Request: POST https://api.mainnet-beta.solana.com "HTTP/1.1 200 OK"
2026-06-19 16:05:18,830 [INFO] HTTP Request: POST https://api.mainnet-beta.solana.com "HTTP/1.1 200 OK"
2026-06-19 16:05:18,964 [INFO] HTTP Request: POST https://api.mainnet-beta.solana.com "HTTP/1.1 200 OK"
2026-06-19 16:05:20,152 [INFO] HTTP Request: POST https://api.mainnet-beta.solana.com "HTTP/1.1 200 OK"
2026-06-19 16:05:21,464 [INFO] HTTP Request: POST https://api.mainnet-beta.solana.com "HTTP/1.1 200 OK"
2026-06-19 16:05:21,666 [INFO] HTTP Request: POST https://api.mainnet-beta.solana.com "HTTP/1.1 200 OK"
2026-06-19 16:05:21,978 [INFO] HTTP Request: POST https://api.mainnet-beta.solana.com "HTTP/1.1 200 OK"
2026-06-19 16:05:23,200 [INFO] HTTP Request: POST https://api.mainnet-beta.solana.com "HTTP/1.1 200 OK"
2026-06-19 16:05:23,332 [INFO] HTTP Request: POST https://api.mainnet-beta.solana.com "HTTP/1.1 200 OK"
2026-06-19 16:05:23,468 [INFO] HTTP Request: POST https://api.mainnet-beta.solana.com "HTTP/1.1 200 OK"
2026-06-19 16:05:24,625 [INFO] HTTP Request: POST https://api.mainnet-beta.solana.com "HTTP/1.1 200 OK"
2026-06-19 16:05:26,214 [INFO] HTTP Request: POST https://api.mainnet-beta.solana.com "HTTP/1.1 200 OK"
2026-06-19 16:05:26,425 [INFO] HTTP Request: POST https://api.mainnet-beta.solana.com "HTTP/1.1 200 OK"
2026-06-19 16:05:26,636 [INFO] HTTP Request: POST https://api.mainnet-beta.solana.com "HTTP/1.1 200 OK"
2026-06-19 16:05:27,843 [INFO] HTTP Request: POST https://api.mainnet-beta.solana.com "HTTP/1.1 200 OK"
2026-06-19 16:05:28,954 [INFO] HTTP Request: POST https://api.mainnet-beta.solana.com "HTTP/1.1 200 OK"
2026-06-19 16:05:29,091 [INFO] HTTP Request: POST https://api.mainnet-beta.solana.com "HTTP/1.1 200 OK"
2026-06-19 16:05:29,229 [INFO] HTTP Request: POST https://api.mainnet-beta.solana.com "HTTP/1.1 200 OK"
2026-06-19 16:05:31,101 [INFO] HTTP Request: POST https://api.mainnet-beta.solana.com "HTTP/1.1 200 OK"
2026-06-19 16:05:31,236 [INFO] HTTP Request: POST https://api.mainnet-beta.solana.com "HTTP/1.1 200 OK"
2026-06-19 16:05:32,401 [INFO] HTTP Request: POST https://api.mainnet-beta.solana.com "HTTP/1.1 200 OK"
2026-06-19 16:05:33,493 [INFO] HTTP Request: POST https://api.mainnet-beta.solana.com "HTTP/1.1 200 OK"
2026-06-19 16:05:33,637 [INFO] HTTP Request: POST https://api.mainnet-beta.solana.com "HTTP/1.1 200 OK"
2026-06-19 16:05:33,769 [INFO] HTTP Request: POST https://api.mainnet-beta.solana.com "HTTP/1.1 200 OK"
2026-06-19 16:05:34,960 [INFO] HTTP Request: POST https://api.mainnet-beta.solana.com "HTTP/1.1 200 OK"
2026-06-19 16:05:36,228 [INFO] HTTP Request: POST https://api.mainnet-beta.solana.com "HTTP/1.1 200 OK"
2026-06-19 16:05:36,367 [INFO] HTTP Request: POST https://api.mainnet-beta.solana.com "HTTP/1.1 200 OK"
2026-06-19 16:05:36,518 [INFO] HTTP Request: POST https://api.mainnet-beta.solana.com "HTTP/1.1 200 OK"
2026-06-19 16:05:37,662 [INFO] HTTP Request: POST https://api.mainnet-beta.solana.com "HTTP/1.1 200 OK"
2026-06-19 16:05:38,956 [INFO] HTTP Request: POST https://api.mainnet-beta.solana.com "HTTP/1.1 200 OK"
2026-06-19 16:05:39,088 [INFO] HTTP Request: POST https://api.mainnet-beta.solana.com "HTTP/1.1 200 OK"
2026-06-19 16:05:39,227 [INFO] HTTP Request: POST https://api.mainnet-beta.solana.com "HTTP/1.1 200 OK"
2026-06-19 16:05:40,364 [INFO] HTTP Request: POST https://api.mainnet-beta.solana.com "HTTP/1.1 200 OK"
2026-06-19 16:05:41,663 [INFO] HTTP Request: POST https://api.mainnet-beta.solana.com "HTTP/1.1 200 OK"
2026-06-19 16:05:41,959 [INFO] HTTP Request: POST https://api.mainnet-beta.solana.com "HTTP/1.1 200 OK"
2026-06-19 16:05:42,211 [INFO] HTTP Request: POST https://api.mainnet-beta.solana.com "HTTP/1.1 200 OK"
2026-06-19 16:05:43,445 [INFO] HTTP Request: POST https://api.mainnet-beta.solana.com "HTTP/1.1 200 OK"
2026-06-19 16:05:45,342 [INFO] HTTP Request: POST https://api.mainnet-beta.solana.com "HTTP/1.1 200 OK"
2026-06-19 16:05:45,475 [INFO] HTTP Request: POST https://api.mainnet-beta.solana.com "HTTP/1.1 200 OK"
2026-06-19 16:05:47,076 [INFO] HTTP Request: POST https://api.mainnet-beta.solana.com "HTTP/1.1 200 OK"
2026-06-19 16:05:48,258 [INFO] HTTP Request: POST https://api.mainnet-beta.solana.com "HTTP/1.1 200 OK"
2026-06-19 16:05:49,371 [INFO] HTTP Request: POST https://api.mainnet-beta.solana.com "HTTP/1.1 200 OK"
2026-06-19 16:05:49,512 [INFO] HTTP Request: POST https://api.mainnet-beta.solana.com "HTTP/1.1 200 OK"
2026-06-19 16:05:49,671 [INFO] HTTP Request: POST https://api.mainnet-beta.solana.com "HTTP/1.1 200 OK"
2026-06-19 16:05:50,832 [INFO] HTTP Request: POST https://api.mainnet-beta.solana.com "HTTP/1.1 200 OK"
2026-06-19 16:05:51,964 [INFO] HTTP Request: POST https://api.mainnet-beta.solana.com "HTTP/1.1 200 OK"
2026-06-19 16:05:52,100 [INFO] HTTP Request: POST https://api.mainnet-beta.solana.com "HTTP/1.1 200 OK"
2026-06-19 16:05:52,237 [INFO] HTTP Request: POST https://api.mainnet-beta.solana.com "HTTP/1.1 200 OK"
2026-06-19 16:05:53,375 [INFO] HTTP Request: POST https://api.mainnet-beta.solana.com "HTTP/1.1 200 OK"
2026-06-19 16:05:54,739 [INFO] HTTP Request: POST https://api.mainnet-beta.solana.com "HTTP/1.1 200 OK"
2026-06-19 16:05:54,955 [INFO] HTTP Request: POST https://api.mainnet-beta.solana.com "HTTP/1.1 200 OK"
2026-06-19 16:05:55,213 [INFO] HTTP Request: POST https://api.mainnet-beta.solana.com "HTTP/1.1 200 OK"
2026-06-19 16:05:56,420 [INFO] HTTP Request: POST https://api.mainnet-beta.solana.com "HTTP/1.1 200 OK"
2026-06-19 16:06:09,057 [INFO] ✅ Orchestrator concluído
2026-06-19 16:06:09,066 [INFO] 📊 Total txs reais neste ciclo: 34
2026-06-19 16:06:09,067 [INFO] 📝 Log: /root/Airdrop Inbound AI/logs/solana_farm.log
2026-06-19 16:06:09,067 [INFO] ============================================================
